2021-02-17 11:52:48 0 [Note] InnoDB: Using Linux native AIO
2021-02-17 11:52:48 0 [Note] InnoDB: Mutexes and rw_locks use GCC atomic builtins
2021-02-17 11:52:48 0 [Note] InnoDB: Uses event mutexes
2021-02-17 11:52:48 0 [Note] InnoDB: Compressed tables use zlib 1.2.11
2021-02-17 11:52:48 0 [Note] InnoDB: Number of pools: 1
2021-02-17 11:52:48 0 [Note] InnoDB: Using SSE2 crc32 instructions
2021-02-17 11:52:48 0 [Note] InnoDB: Initializing buffer pool, total size = 128M, instances = 1, chunk size = 128M
2021-02-17 11:52:48 0 [Note] InnoDB: Completed initialization of buffer pool
2021-02-17 11:52:48 0 [Note] InnoDB: If the mysqld execution user is authorized, page cleaner thread priority can be changed. See the man page of setpriority().
2021-02-17 11:52:48 0 [Note] InnoDB: 128 out of 128 rollback segments are active.
2021-02-17 11:52:48 0 [Note] InnoDB: Creating shared tablespace for temporary tables
2021-02-17 11:52:48 0 [Note] InnoDB: Setting file './ibtmp1' size to 12 MB. Physically writing the file full; Please wait ...
2021-02-17 11:52:48 0 [Note] InnoDB: File './ibtmp1' size is now 12 MB.
2021-02-17 11:52:48 0 [Note] InnoDB: Waiting for purge to start
2021-02-17 11:52:48 0 [Note] InnoDB: 10.3.25 started; log sequence number 2179541; transaction id 715
2021-02-17 11:52:48 0 [Note] InnoDB: Loading buffer pool(s) from /home/pear/.local/share/akonadi/db_data/ib_buffer_pool
2021-02-17 11:52:48 0 [Note] Plugin 'FEEDBACK' is disabled.
2021-02-17 11:52:48 0 [Note] Reading of all Master_info entries succeeded
2021-02-17 11:52:48 0 [Note] Added new Master_info '' to hash table
2021-02-17 11:52:48 0 [Note] /usr/sbin/mysqld-akonadi: ready for connections.
Version: '10.3.25-MariaDB-0ubuntu0.20.04.1'  socket: '/run/user/1000/akonadi/mysql.socket'  port: 0  Ubuntu 20.04
2021-02-17 11:52:48 0 [Note] InnoDB: Buffer pool(s) load completed at 210217 11:52:48
2021-02-17 12:10:24 0 [Note] /usr/sbin/mysqld-akonadi (initiated by: unknown): Normal shutdown
2021-02-17 12:10:24 0 [Note] InnoDB: FTS optimize thread exiting.
2021-02-17 12:10:25 0 [Note] InnoDB: Starting shutdown...
2021-02-17 12:10:25 0 [Note] InnoDB: Dumping buffer pool(s) to /home/pear/.local/share/akonadi/db_data/ib_buffer_pool
2021-02-17 12:10:25 0 [Note] InnoDB: Buffer pool(s) dump completed at 210217 12:10:25
2021-02-17 12:10:26 0 [Note] InnoDB: Shutdown completed; log sequence number 2179965; transaction id 736
2021-02-17 12:10:26 0 [Note] InnoDB: Removed temporary tablespace data file: "ibtmp1"
2021-02-17 12:10:26 0 [Note] /usr/sbin/mysqld-akonadi: Shutdown complete

