qt.svg: link #path2410 is undefined!
No backend specified through command line argument, trying auto resolution
kwin_xkbcommon: XKB: /usr/share/X11/locale/en_US.UTF-8/Compose:5127:46: this compose sequence is a duplicate of another; skipping line
kwin_xkbcommon: XKB: /usr/share/X11/locale/en_US.UTF-8/Compose:5129:48: this compose sequence is a duplicate of another; skipping line
kwin_xkbcommon: XKB: /usr/share/X11/locale/en_US.UTF-8/Compose:5131:48: this compose sequence is a duplicate of another; skipping line
kwin_xkbcommon: XKB: /usr/share/X11/locale/en_US.UTF-8/Compose:5135:47: this compose sequence is a duplicate of another; skipping line
kwin_xkbcommon: XKB: /usr/share/X11/locale/en_US.UTF-8/Compose:5137:46: this compose sequence is a duplicate of another; skipping line
kwin_xkbcommon: XKB: /usr/share/X11/locale/en_US.UTF-8/Compose:5145:48: this compose sequence is a duplicate of another; skipping line
kwin_xkbcommon: XKB: /usr/share/X11/locale/en_US.UTF-8/Compose:5149:46: this compose sequence is a duplicate of another; skipping line
kwin_xkbcommon: XKB: /usr/share/X11/locale/en_US.UTF-8/Compose:5151:46: this compose sequence is a duplicate of another; skipping line
kwin_xkbcommon: XKB: /usr/share/X11/locale/en_US.UTF-8/Compose:5155:45: this compose sequence is a duplicate of another; skipping line
kwin_xkbcommon: XKB: /usr/share/X11/locale/en_US.UTF-8/Compose:5158:46: this compose sequence is a duplicate of another; skipping line
kf.globalaccel.kglobalacceld: No desktop file found for service  "org.kde.dolphin.desktop"
Filter multi-plane format 961959257
Filter multi-plane format 825316697
Filter multi-plane format 842093913
Filter multi-plane format 909202777
Filter multi-plane format 875713881
Filter multi-plane format 961893977
Filter multi-plane format 825316953
Filter multi-plane format 842094169
Filter multi-plane format 909203033
Filter multi-plane format 875714137
Filter multi-plane format 842094158
Filter multi-plane format 909203022
kwin_xkbcommon: XKB: us:1901:67: unrecognized keysym "EuroS"
kwin_xkbcommon: XKB: Couldn't process include statement for 'us(\0)'
kwin_xkbcommon: XKB: Abandoning symbols file "(unnamed)"
kwin_xkbcommon: XKB: Failed to compile xkb_symbols
kwin_xkbcommon: XKB: Failed to compile keymap
kwin_xkbcommon: XKB: inet:224:50: unrecognized keysym "XF86FullScreen"
kf.notifications: env says KDE is running but SNI unavailable -- check KDE_FULL_SESSION and XDG_CURRENT_DESKTOP
_XSERVTransSocketUNIXCreateListener: ...SocketCreateListener() failed
_XSERVTransMakeAllCOTSServerListeners: server already running
The XKEYBOARD keymap compiler (xkbcomp) reports:
> Warning:          Unsupported maximum keycode 569, clipping.
>                   X11 cannot support keycodes above 255.
Errors from xkbcomp are not fatal to the X server
kdeinit5: preparing to launch '/usr/lib/x86_64-linux-gnu/libexec/kf5/klauncher'
kdeinit5: Launched KLauncher, pid = 2234, result = 0
Connecting to deprecated signal QDBusConnectionInterface::serviceOwnerChanged(QString,QString,QString)
kdeinit5: opened connection to :1
kdeinit5: Got SETENV 'GTK_RC_FILES=/etc/gtk/gtkrc:/home/pear/.gtkrc:/home/pear/.config/gtkrc' from launcher.
kdeinit5: Got SETENV 'GTK2_RC_FILES=/etc/gtk-2.0/gtkrc:/home/pear/.gtkrc-2.0:/home/pear/.config/gtkrc-2.0' from launcher.
org.kde.plasma.session: process job  "kcminit_startup" finished with exit code  0
qt.svg: link #path2410 is undefined!
Qt: Session management error: networkIdsList argument is NULL
qt.svg: link #path2410 is undefined!
kdeinit5: Got SETENV 'SESSION_MANAGER=local/PearBook-Air:@/tmp/.ICE-unix/2254,unix/PearBook-Air:/tmp/.ICE-unix/2254' from launcher.
kdeinit5: Got SETENV 'SESSION_MANAGER=local/PearBook-Air:@/tmp/.ICE-unix/2254,unix/PearBook-Air:/tmp/.ICE-unix/2254' from launcher.
org.kde.plasma.session: Starting autostart service  "/etc/xdg/autostart/kaccess.desktop" ("/usr/bin/kaccess")
org.kde.plasma.session: Starting autostart service  "/etc/xdg/autostart/polkit-kde-authentication-agent-1.desktop" ("/usr/lib/x86_64-linux-gnu/libexec/polkit-kde-authentication-agent-1")
org.kde.plasma.session: Starting autostart service  "/etc/xdg/autostart/pam_kwallet_init.desktop" ("/usr/share/libpam-kwallet-common/pam_kwallet_init")
Xlib XKB extension major= 1  minor= 0
org.kde.plasma.session: Starting autostart service  "/etc/xdg/autostart/org.kde.plasmashell.desktop" ("/usr/bin/plasmashell")
org.kde.plasma.session: Starting autostart service  "/etc/xdg/autostart/powerdevil.desktop" ("/usr/lib/x86_64-linux-gnu/libexec/org_kde_powerdevil")
kwin_core: Could not identify process with pid 2272
kwin_core: Could not identify process with pid 2272
kwin_core: Could not identify process with pid 2272
kwin_core: Could not identify process with pid 2272
org.kde.plasma.session: Starting autostart service  "/etc/xdg/autostart/xembedsniproxy.desktop" ("/usr/bin/xembedsniproxy")
kwin_core: Could not identify process with pid 2280
kwin_core: Could not identify process with pid 2280
kwin_core: Could not identify process with pid 2280
kwin_core: Could not identify process with pid 2280
org.kde.libkbolt: Failed to connect to Bolt manager DBus interface: 
org.kde.bolt.kded: Couldn't connect to Bolt DBus daemon
Installing the delayed initialization callback.
kwin_core: Could not identify process with pid 2272
kwin_core: Could not identify process with pid 2272
kwin_core: Could not identify process with pid 2272
kwin_core: Could not identify process with pid 2272
org.kde.plasma.session: Starting autostart service  "/home/pear/.config/autostart/org.kde.latte-dock.desktop" ("/usr/bin/latte-dock")
org.kde.plasma.session: Starting autostart service  "/etc/xdg/autostart/xdg-user-dirs.desktop" ("/usr/bin/xdg-user-dirs-update")
org.kde.plasma.session: Starting autostart service  "/etc/xdg/autostart/pulseaudio.desktop" ("/usr/bin/start-pulseaudio-x11")
org.kde.plasma.session: Starting autostart service  "/etc/xdg/autostart/gmenudbusmenuproxy.desktop" ("/usr/bin/gmenudbusmenuproxy")
org.kde.plasma.session: Starting autostart service  "/etc/xdg/autostart/geoclue-demo-agent.desktop" ("/usr/libexec/geoclue-2.0/demos/agent")
org.kde.plasma.session: Starting autostart service  "/etc/xdg/autostart/snap-userd-autostart.desktop" ("/usr/bin/snap", "userd", "--autostart")
org.kde.plasma.session: Starting autostart service  "/etc/xdg/autostart/at-spi-dbus-bus.desktop" ("/usr/libexec/at-spi-bus-launcher", "--launch-immediately")
qt.svg: link #path2410 is undefined!
xsettingsd: Loaded 0 settings from /home/pear/.config/xsettingsd/xsettingsd.conf
xsettingsd: Created window 0x1200001 on screen 0 with timestamp 225863
xsettingsd: Selection _XSETTINGS_S0 is owned by 0x0
xsettingsd: Took ownership of selection _XSETTINGS_S0
New PolkitAgentListener  0x5649fcb1e4e0
Adding new listener  PolkitQt1::Agent::Listener(0x5649fcde3710) for  0x5649fcb1e4e0
Listener online
org.kde.plasma.session: Starting autostart service  "/etc/xdg/autostart/im-launch.desktop" ("/usr/bin/sh", "-c", "if [ \"x$XDG_SESSION_TYPE\" = \"xwayland\" ] ; then exec env IM_CONFIG_CHECK_ENV=1 im-launch true; fi")
qt.svg: link #path2410 is undefined!
Authentication agent result: true
org.kde.plasma.session: Starting autostart service  "/etc/xdg/autostart/spice-vdagent.desktop" ("/usr/bin/spice-vdagent")
xsettingsd: Reloading configuration
xsettingsd: Loaded 11 settings from /home/pear/.config/xsettingsd/xsettingsd.conf
org.kde.plasma.session: Starting autostart service  "/etc/xdg/autostart/tracker-extract.desktop" ("/usr/libexec/tracker-extract")
org.kde.plasma.session: Starting autostart service  "/etc/xdg/autostart/tracker-miner-fs.desktop" ("/usr/libexec/tracker-miner-fs")
xsettingsd: Reloading configuration
xsettingsd: Loaded 0 settings from /home/pear/.config/xsettingsd/xsettingsd.conf
qt.svg: link #path2410 is undefined!
Tracker-Message: 10:12:37.516: Set scheduler policy to SCHED_IDLE
Tracker-Message: 10:12:37.522: Setting priority nice level to 19
Tracker-Message: 10:12:37.526: Set scheduler policy to SCHED_IDLE
Tracker-Message: 10:12:37.526: Setting priority nice level to 19
X server XKB extension major= 1  minor= 0
xsettingsd: Reloading configuration
xsettingsd: Loaded 11 settings from /home/pear/.config/xsettingsd/xsettingsd.conf
xsettingsd: Reloading configuration
xsettingsd: Loaded 0 settings from /home/pear/.config/xsettingsd/xsettingsd.conf
xsettingsd: Reloading configuration
xsettingsd: Loaded 11 settings from /home/pear/.config/xsettingsd/xsettingsd.conf
xsettingsd: Reloading configuration
xsettingsd: Loaded 0 settings from /home/pear/.config/xsettingsd/xsettingsd.conf
qt.svg: link #path2410 is undefined!
xsettingsd: Reloading configuration
xsettingsd: Loaded 0 settings from /home/pear/.config/xsettingsd/xsettingsd.conf
xsettingsd: Reloading configuration
xsettingsd: Loaded 0 settings from /home/pear/.config/xsettingsd/xsettingsd.conf
xsettingsd: Reloading configuration
xsettingsd: Loaded 0 settings from /home/pear/.config/xsettingsd/xsettingsd.conf
Warning from helper: Failed to open "/sys/class/power_supply/BAT0/charge_start_threshold" for reading
Warning from helper: Failed to open "/sys/class/power_supply/BAT0/charge_stop_threshold" for reading
org.kde.powerdevil: org.kde.powerdevil.chargethresholdhelper.getthreshold failed "Charge thresholds not supported"
kf.plasma.quick: Applet preload policy set to 1
bluedevil: Created

(tracker-miner-fs:2353): Tracker-CRITICAL **: 10:12:37.799: Could not request DBus name 'org.freedesktop.Tracker1.Miner.Files': D-Bus service name:'org.freedesktop.Tracker1.Miner.Files' is already taken, perhaps the application is already running?
kwin_core: Could not identify process with pid 2280
kwin_core: Could not identify process with pid 2280
kwin_core: Could not identify process with pid 2280
kwin_core: Could not identify process with pid 2280
kwin_core: Could not identify process with pid 2280
kwin_core: Could not identify process with pid 2280
kwin_core: Could not identify process with pid 2280
kwin_core: Could not identify process with pid 2280
org.kde.powerdevil: Handle button events action could not check for screen configuration
Known activities: ("78963949-1d5c-4576-913c-c0913ccaebc9")
Delayed initialization.
kwin_core: Could not identify process with pid 2280
kwin_core: Could not identify process with pid 2280
kwin_core: Could not identify process with pid 2280
kwin_core: Could not identify process with pid 2280
kscreen.kwayland: Loading Wayland backend.
Reloading the khotkeys configuration
Version 2 File!
Warning from helper: Failed to open "/sys/class/power_supply/BAT0/charge_start_threshold" for reading
Warning from helper: Failed to open "/sys/class/power_supply/BAT0/charge_stop_threshold" for reading
org.kde.powerdevil: org.kde.powerdevil.chargethresholdhelper.getthreshold failed "Charge thresholds not supported"
org.kde.kf5.kwindowsystem.kwayland: This compositor does not support the Plasma Window Management interface
org.kde.kf5.kwindowsystem.kwayland: This compositor does not support the Plasma Window Management interface
org.kde.kf5.kwindowsystem.kwayland: This compositor does not support the Plasma Window Management interface
true
Imported file "/usr/share/khotkeys/defaults.khotkeys"
Imported file "/usr/share/khotkeys/kde32b1.khotkeys"
Imported file "/usr/share/khotkeys/konqueror_gestures_kde321.khotkeys"
Imported file "/usr/share/khotkeys/konsole.khotkeys"
Registering ":1.61/StatusNotifierItem" to system tray
bluedevil: ObexManager operational changed true
bluedevil: Bluetooth operational changed true
bluedevil: ObexAgent registered
kscreen.kwayland: Loading Wayland backend.
bluedevil: Agent registered
bluedevil: Requested default Agent
trying to show an empty dialog
file:///usr/share/plasma/shells/org.kde.plasma.desktop/contents/views/Desktop.qml:146:19: QML Loader: Binding loop detected for property "height"
file:///usr/share/plasma/shells/org.kde.plasma.desktop/contents/views/Desktop.qml:146:19: QML Loader: Binding loop detected for property "height"
qt.qpa.wayland: Wayland does not support QWindow::requestActivate()
kdeinit5: Got EXEC_NEW '/usr/lib/x86_64-linux-gnu/qt5/plugins/kf5/kio/desktop.so' from launcher.
kdeinit5: preparing to launch '/usr/lib/x86_64-linux-gnu/qt5/plugins/kf5/kio/desktop.so'
kdeinit5: Got EXEC_NEW '/usr/lib/x86_64-linux-gnu/qt5/plugins/kf5/kio/file.so' from launcher.
kdeinit5: preparing to launch '/usr/lib/x86_64-linux-gnu/qt5/plugins/kf5/kio/file.so'
kdeinit5: Got EXEC_NEW '/usr/lib/x86_64-linux-gnu/qt5/plugins/kf5/kio/desktop.so' from launcher.
kdeinit5: preparing to launch '/usr/lib/x86_64-linux-gnu/qt5/plugins/kf5/kio/desktop.so'
Plasma Shell startup completed
kdeinit5: Got EXEC_NEW '/usr/lib/x86_64-linux-gnu/qt5/plugins/kf5/kio/thumbnail.so' from launcher.
kdeinit5: preparing to launch '/usr/lib/x86_64-linux-gnu/qt5/plugins/kf5/kio/thumbnail.so'
kdeinit5: Got EXEC_NEW '/usr/lib/x86_64-linux-gnu/qt5/plugins/kf5/kio/file.so' from launcher.
kdeinit5: preparing to launch '/usr/lib/x86_64-linux-gnu/qt5/plugins/kf5/kio/file.so'
qt.svg: link #path2410 is undefined!
KCrash: Attempting to start /usr/bin/latte-dock
KCrash: crashing... crashRecursionCounter = 2
KCrash: Application Name = latte-dock path = /usr/bin pid = 2291
KCrash: Arguments: /usr/bin/latte-dock 
KCrash: Attempting to start /usr/lib/x86_64-linux-gnu/libexec/drkonqi
qt.svg: link #path2410 is undefined!
qt.svg: link #path2410 is undefined!
Registering ":1.92/StatusNotifierItem" to system tray
"An instance is already running!, use --replace to restart Latte"
QQmlEngine::setContextForObject(): Object already has a QQmlContext
QQmlEngine::setContextForObject(): Object already has a QQmlContext
QCoreApplication::postEvent: Unexpected null receiver
file:///usr/lib/x86_64-linux-gnu/qt5/qml/org/kde/newstuff/qml/QuestionAsker.qml:91:5: QML Connections: Cannot assign to non-existent property "onClosing"
file:///usr/lib/x86_64-linux-gnu/qt5/qml/org/kde/kirigami.2/private/globaltoolbar/PageRowGlobalToolBarUI.qml:65:9: QML RowLayout (parent or ancestor of QQuickLayoutAttached): Binding loop detected for property "maximumWidth"
file:///usr/lib/x86_64-linux-gnu/qt5/qml/org/kde/kirigami.2/private/globaltoolbar/PageRowGlobalToolBarUI.qml:65:9: QML RowLayout (parent or ancestor of QQuickLayoutAttached): Binding loop detected for property "maximumWidth"
QCoreApplication::postEvent: Unexpected null receiver
file:///usr/lib/x86_64-linux-gnu/qt5/qml/org/kde/newstuff/qml/QuestionAsker.qml:91:5: QML Connections: Cannot assign to non-existent property "onClosing"
file:///usr/lib/x86_64-linux-gnu/qt5/qml/org/kde/kirigami.2/private/globaltoolbar/PageRowGlobalToolBarUI.qml:65:9: QML RowLayout (parent or ancestor of QQuickLayoutAttached): Binding loop detected for property "maximumWidth"
file:///usr/lib/x86_64-linux-gnu/qt5/qml/org/kde/kirigami.2/private/globaltoolbar/PageRowGlobalToolBarUI.qml:65:9: QML RowLayout (parent or ancestor of QQuickLayoutAttached): Binding loop detected for property "maximumWidth"
file:///usr/lib/x86_64-linux-gnu/qt5/qml/org/kde/kirigami.2/FormLayout.qml:305:9: QML QQuickItem* (parent or ancestor of QQuickLayoutAttached): Binding loop detected for property "preferredWidth"
file:///usr/lib/x86_64-linux-gnu/qt5/qml/org/kde/kcm/SettingHighlighter.qml:0: ReferenceError: kcm is not defined
file:///usr/lib/x86_64-linux-gnu/qt5/qml/org/kde/kcm/SettingHighlighter.qml:0: ReferenceError: kcm is not defined
file:///usr/lib/x86_64-linux-gnu/qt5/qml/org/kde/kcm/SettingHighlighter.qml:37: ReferenceError: kcm is not defined
file:///usr/lib/x86_64-linux-gnu/qt5/qml/org/kde/kcm/SettingHighlighter.qml:37: ReferenceError: kcm is not defined
file:///usr/lib/x86_64-linux-gnu/qt5/qml/org/kde/kcm/SettingHighlighter.qml:37: ReferenceError: kcm is not defined
file:///usr/lib/x86_64-linux-gnu/qt5/qml/org/kde/kirigami.2/AbstractApplicationItem.qml:94: TypeError: Cannot read property 'position' of null
file:///usr/lib/x86_64-linux-gnu/qt5/qml/org/kde/kirigami.2/AbstractApplicationItem.qml:93: TypeError: Cannot read property 'background' of null
file:///usr/lib/x86_64-linux-gnu/qt5/qml/org/kde/newstuff/qml/Page.qml:130: TypeError: Cannot read property 'useLabel' of null
file:///usr/lib/x86_64-linux-gnu/qt5/qml/org/kde/kcm/AbstractKCM.qml:38: ReferenceError: kcm is not defined
file:///usr/share/plasma/shells/org.kde.plasma.desktop/contents/configuration/ConfigurationContainmentAppearance.qml:88:13: Unable to assign [undefined] to QQmlListProperty<QQuickItem>
file:///usr/lib/x86_64-linux-gnu/qt5/qml/org/kde/kirigami.2/AbstractApplicationItem.qml:94: TypeError: Cannot read property 'position' of null
file:///usr/lib/x86_64-linux-gnu/qt5/qml/org/kde/kirigami.2/AbstractApplicationItem.qml:93: TypeError: Cannot read property 'background' of null
file:///usr/lib/x86_64-linux-gnu/qt5/qml/org/kde/newstuff/qml/Page.qml:130: TypeError: Cannot read property 'useLabel' of null
Module 'org.kde.kwin.decoration' does not contain a module identifier directive - it cannot be protected from external registrations.
QPainter::begin: Paint device returned engine == 0, type: 3
Error: cannot change the containment to AppletsLayout
file:///usr/lib/x86_64-linux-gnu/qt5/qml/org/kde/kcm/SettingHighlighter.qml:0: ReferenceError: kcm is not defined
file:///usr/lib/x86_64-linux-gnu/qt5/qml/org/kde/kirigami.2/AbstractApplicationItem.qml:94: TypeError: Cannot read property 'position' of null
file:///usr/lib/x86_64-linux-gnu/qt5/qml/org/kde/kirigami.2/AbstractApplicationItem.qml:93: TypeError: Cannot read property 'background' of null
file:///usr/lib/x86_64-linux-gnu/qt5/qml/org/kde/newstuff/qml/Page.qml:130: TypeError: Cannot read property 'useLabel' of null
file:///usr/share/plasma/wallpapers/org.kde.image/contents/ui/config.qml:99:5: QML FormLayout: Binding loop detected for property "implicitHeight"
file:///usr/lib/x86_64-linux-gnu/qt5/qml/org/kde/kcm/SettingHighlighter.qml:0: ReferenceError: kcm is not defined
file:///usr/lib/x86_64-linux-gnu/qt5/qml/org/kde/kcm/SettingHighlighter.qml:0: ReferenceError: kcm is not defined
file:///usr/lib/x86_64-linux-gnu/qt5/qml/org/kde/kcm/SettingHighlighter.qml:0: ReferenceError: kcm is not defined
file:///usr/lib/x86_64-linux-gnu/qt5/qml/org/kde/kcm/SettingHighlighter.qml:0: ReferenceError: kcm is not defined
file:///usr/lib/x86_64-linux-gnu/qt5/qml/org/kde/kirigami.2/AbstractApplicationItem.qml:94: TypeError: Cannot read property 'position' of null
file:///usr/lib/x86_64-linux-gnu/qt5/qml/org/kde/kirigami.2/AbstractApplicationItem.qml:93: TypeError: Cannot read property 'background' of null
file:///usr/lib/x86_64-linux-gnu/qt5/qml/org/kde/newstuff/qml/Page.qml:130: TypeError: Cannot read property 'useLabel' of null
file:///usr/lib/x86_64-linux-gnu/qt5/qml/org/kde/kcm/AbstractKCM.qml:38: ReferenceError: kcm is not defined
file:///usr/share/plasma/shells/org.kde.plasma.desktop/contents/configuration/ConfigurationContainmentAppearance.qml:88:13: Unable to assign [undefined] to QQmlListProperty<QQuickItem>
kdeinit5: Got EXEC_NEW '/usr/lib/x86_64-linux-gnu/qt5/plugins/kf5/kio/file.so' from launcher.
kdeinit5: preparing to launch '/usr/lib/x86_64-linux-gnu/qt5/plugins/kf5/kio/file.so'
kdeinit5: Got EXEC_NEW '/usr/lib/x86_64-linux-gnu/qt5/plugins/kf5/kio/file.so' from launcher.
kdeinit5: preparing to launch '/usr/lib/x86_64-linux-gnu/qt5/plugins/kf5/kio/file.so'
kdeinit5: Got EXEC_NEW '/usr/lib/x86_64-linux-gnu/qt5/plugins/kf5/kio/file.so' from launcher.
kdeinit5: preparing to launch '/usr/lib/x86_64-linux-gnu/qt5/plugins/kf5/kio/file.so'
kdeinit5: Got EXEC_NEW '/usr/lib/x86_64-linux-gnu/qt5/plugins/kf5/kio/file.so' from launcher.
kdeinit5: preparing to launch '/usr/lib/x86_64-linux-gnu/qt5/plugins/kf5/kio/file.so'
kdeinit5: Got EXEC_NEW '/usr/lib/x86_64-linux-gnu/qt5/plugins/kf5/kio/file.so' from launcher.
kdeinit5: preparing to launch '/usr/lib/x86_64-linux-gnu/qt5/plugins/kf5/kio/file.so'
file:///usr/share/plasma/shells/org.kde.plasma.desktop/contents/configuration/ConfigurationAppletPage.qml:44:5: QML Loader: Binding loop detected for property "height"
QMetaObject::invokeMethod: No such method FolderViewDropArea_QMLTYPE_48_QML_49::actionTriggered(QVariant)
QMetaObject::invokeMethod: No such method FolderViewDropArea_QMLTYPE_48_QML_49::actionTriggered(QVariant)
kdeinit5: Got EXEC_NEW 'dbus-send' from launcher.
kdeinit5: preparing to launch 'libkdeinit5_dbus-send'
Could not open dbus-send using a library: Cannot load library libkdeinit5_dbus-send: (libkdeinit5_dbus-send: cannot open shared object file: No such file or directory)
kdeinit5: PID 2537 terminated.
kdeinit5: Got EXEC_NEW '/usr/lib/x86_64-linux-gnu/qt5/plugins/kf5/kio/tags.so' from launcher.
kdeinit5: preparing to launch '/usr/lib/x86_64-linux-gnu/qt5/plugins/kf5/kio/tags.so'
Registering ":1.99/StatusNotifierItem" to system tray
qt.svg: link #path2410 is undefined!
qt.svg: link #path2410 is undefined!
QPainter::begin: Paint device returned engine == 0, type: 3
kdeinit5: Got EXEC_NEW '/usr/lib/x86_64-linux-gnu/qt5/plugins/kf5/kio/file.so' from launcher.
kdeinit5: preparing to launch '/usr/lib/x86_64-linux-gnu/qt5/plugins/kf5/kio/file.so'
Service  ":1.92" unregistered
org.kde.kf5.kwindowsystem.kwayland: This compositor does not support the Plasma Window Management interface
QPainter::begin: Paint device returned engine == 0, type: 3
qt.svg: link #path2410 is undefined!
qt.svg: link #path2410 is undefined!
QPainter::begin: Paint device returned engine == 0, type: 3
Service  ":1.99" unregistered
kdeinit5: Fatal IO error: client killed
kdeinit5: sending SIGHUP to children.
X connection to :1 broken (explicit kill or server shutdown).
The X11 connection broke (error 1). Did the X11 server die?
The X11 connection broke (error 1). Did the X11 server die?
The X11 connection broke (error 1). Did the X11 server die?
The X11 connection broke (error 1). Did the X11 server die?
QDBusAbstractAdaptor: Cannot relay signal KDEDModule::moduleDeleted(KDEDModule*): Pointers are not supported: KDEDModule*
QDBusAbstractAdaptor: Cannot relay signal KDEDModule::moduleDeleted(KDEDModule*): Pointers are not supported: KDEDModule*
QDBusAbstractAdaptor: Cannot relay signal KDEDModule::moduleDeleted(KDEDModule*): Pointers are not supported: KDEDModule*
QDBusAbstractAdaptor: Cannot relay signal KDEDModule::moduleDeleted(KDEDModule*): Pointers are not supported: KDEDModule*
QDBusAbstractAdaptor: Cannot relay signal KDEDModule::moduleDeleted(KDEDModule*): Pointers are not supported: KDEDModule*
QDBusAbstractAdaptor: Cannot relay signal KDEDModule::moduleDeleted(KDEDModule*): Pointers are not supported: KDEDModule*
QDBusAbstractAdaptor: Cannot relay signal KDEDModule::moduleDeleted(KDEDModule*): Pointers are not supported: KDEDModule*
bluedevil: Destroyed
QDBusAbstractAdaptor: Cannot relay signal KDEDModule::moduleDeleted(KDEDModule*): Pointers are not supported: KDEDModule*
QDBusAbstractAdaptor: Cannot relay signal KDEDModule::moduleDeleted(KDEDModule*): Pointers are not supported: KDEDModule*
QDBusAbstractAdaptor: Cannot relay signal KDEDModule::moduleDeleted(KDEDModule*): Pointers are not supported: KDEDModule*
QDBusAbstractAdaptor: Cannot relay signal KDEDModule::moduleDeleted(KDEDModule*): Pointers are not supported: KDEDModule*
QDBusAbstractAdaptor: Cannot relay signal KDEDModule::moduleDeleted(KDEDModule*): Pointers are not supported: KDEDModule*
QDBusAbstractAdaptor: Cannot relay signal KDEDModule::moduleDeleted(KDEDModule*): Pointers are not supported: KDEDModule*
klauncher: Exiting on signal 15
klauncher: Exiting on signal 1
QDBusAbstractAdaptor: Cannot relay signal KDEDModule::moduleDeleted(KDEDModule*): Pointers are not supported: KDEDModule*
QDBusAbstractAdaptor: Cannot relay signal KDEDModule::moduleDeleted(KDEDModule*): Pointers are not supported: KDEDModule*
QDBusAbstractAdaptor: Cannot relay signal KDEDModule::moduleDeleted(KDEDModule*): Pointers are not supported: KDEDModule*
QDBusAbstractAdaptor: Cannot relay signal KDEDModule::moduleDeleted(KDEDModule*): Pointers are not supported: KDEDModule*
QDBusAbstractAdaptor: Cannot relay signal KDEDModule::moduleDeleted(KDEDModule*): Pointers are not supported: KDEDModule*
QDBusAbstractAdaptor: Cannot relay signal KDEDModule::moduleDeleted(KDEDModule*): Pointers are not supported: KDEDModule*
QDBusAbstractAdaptor: Cannot relay signal KDEDModule::moduleDeleted(KDEDModule*): Pointers are not supported: KDEDModule*
QDBusAbstractAdaptor: Cannot relay signal KDEDModule::moduleDeleted(KDEDModule*): Pointers are not supported: KDEDModule*
QDBusAbstractAdaptor: Cannot relay signal KDEDModule::moduleDeleted(KDEDModule*): Pointers are not supported: KDEDModule*
QDBusAbstractAdaptor: Cannot relay signal KDEDModule::moduleDeleted(KDEDModule*): Pointers are not supported: KDEDModule*
QDBusAbstractAdaptor: Cannot relay signal KDEDModule::moduleDeleted(KDEDModule*): Pointers are not supported: KDEDModule*
QDBusAbstractAdaptor: Cannot relay signal KDEDModule::moduleDeleted(KDEDModule*): Pointers are not supported: KDEDModule*
The Wayland connection broke. Did the Wayland compositor die?
KCrash: crashing... crashRecursionCounter = 2
KCrash: Application Name = konsole path = /usr/bin pid = 2608
KCrash: Arguments: /usr/bin/konsole 
KCrash: Attempting to start /usr/lib/x86_64-linux-gnu/libexec/drkonqi
QSocketNotifier: Invalid socket 8 and type 'Read', disabling...
